0 info it worked if it ends with ok
1 verbose cli [ 'C:\\Program Files\\nodejs\\node.exe',
1 verbose cli   'C:\\Users\\EOM\\AppData\\Roaming\\npm\\node_modules\\npm\\bin\\npm-cli.js',
1 verbose cli   'build',
1 verbose cli   'development' ]
2 info using npm@3.10.6
3 info using node@v6.5.0
4 info build F:\meanStack\react\react_node_setting\development
5 verbose stack Error: ENOENT: no such file or directory, open 'F:\meanStack\react\react_node_setting\development\package.json'
5 verbose stack     at Error (native)
6 verbose cwd F:\meanStack\react\react_node_setting
7 error Windows_NT 10.0.14393
8 error argv "C:\\Program Files\\nodejs\\node.exe" "C:\\Users\\EOM\\AppData\\Roaming\\npm\\node_modules\\npm\\bin\\npm-cli.js" "build" "development"
9 error node v6.5.0
10 error npm  v3.10.6
11 error path F:\meanStack\react\react_node_setting\development\package.json
12 error code ENOENT
13 error errno -4058
14 error syscall open
15 error enoent ENOENT: no such file or directory, open 'F:\meanStack\react\react_node_setting\development\package.json'
16 error enoent ENOENT: no such file or directory, open 'F:\meanStack\react\react_node_setting\development\package.json'
16 error enoent This is most likely not a problem with npm itself
16 error enoent and is related to npm not being able to find a file.
17 verbose exit [ -4058, true ]
